<?xml version="1.0" encoding="UTF-8"?>
<!-- Generated by org.testng.reporters.JUnitXMLReporter -->
<testsuite hostname="Jai-Modhas-MacBook-Pro-2.local" name="Command line test" tests="4" failures="0" timestamp="10 Jun 2014 06:28:28 GMT" time="2.995" errors="0">
  <testcase name="getCompletedGames" time="0.002" classname="ttt.model.dao.GameDaoTest"/>
  <testcase name="getSavedGames" time="0.001" classname="ttt.model.dao.GameDaoTest"/>
  <testcase name="getUser" time="0.0" classname="ttt.model.dao.UserDaoTest"/>
  <testcase name="getUsers" time="0.0" classname="ttt.model.dao.UserDaoTest"/>
</testsuite> <!-- Command line test -->
