<?xml version="1.0" encoding="UTF-8"?>
<testng-results skipped="0" failed="0" total="2" passed="2">
  <reporter-output>
  </reporter-output>
  <suite name="Default suite" duration-ms="3035" started-at="2014-05-24T03:34:37Z" finished-at="2014-05-24T03:34:40Z">
    <groups>
      <group name="UserDaoTest">
        <method signature="UserDaoTest.getUser()[pri:0, instance:ttt.model.dao.UserDaoTest@75806022]" name="getUser" class="ttt.model.dao.UserDaoTest"/>
        <method signature="UserDaoTest.getUsers()[pri:0, instance:ttt.model.dao.UserDaoTest@75806022]" name="getUsers" class="ttt.model.dao.UserDaoTest"/>
      </group> <!-- UserDaoTest -->
    </groups>
    <test name="Default test" duration-ms="3035" started-at="2014-05-24T03:34:37Z" finished-at="2014-05-24T03:34:40Z">
      <class name="ttt.model.dao.UserDaoTest">
        <test-method status="PASS" signature="springTestContextBeforeTestClass()[pri:0, instance:ttt.model.dao.UserDaoTest@75806022]" name="springTestContextBeforeTestClass" is-config="true" duration-ms="12" started-at="2014-05-23T20:34:37Z" finished-at="2014-05-23T20:34:37Z">
          <reporter-output>
          </reporter-output>
        </test-method> <!-- springTestContextBeforeTestClass -->
        <test-method status="PASS" signature="springTestContextPrepareTestInstance()[pri:0, instance:ttt.model.dao.UserDaoTest@75806022]" name="springTestContextPrepareTestInstance" is-config="true" duration-ms="2896" started-at="2014-05-23T20:34:37Z" depends-on-methods="org.springframework.test.context.testng.AbstractTestNGSpringContextTests.springTestContextBeforeTestClass" finished-at="2014-05-23T20:34:40Z">
          <reporter-output>
          </reporter-output>
        </test-method> <!-- springTestContextPrepareTestInstance -->
        <test-method status="PASS" signature="springTestContextBeforeTestMethod(java.lang.reflect.Method)[pri:0, instance:ttt.model.dao.UserDaoTest@75806022]" name="springTestContextBeforeTestMethod" is-config="true" duration-ms="75" started-at="2014-05-23T20:34:40Z" finished-at="2014-05-23T20:34:40Z">
          <params>
            <param index="0">
              <value>
                <![CDATA[public void ttt.model.dao.UserDaoTest.getUser()]]>
              </value>
            </param>
          </params>
          <reporter-output>
          </reporter-output>
        </test-method> <!-- springTestContextBeforeTestMethod -->
        <test-method status="PASS" signature="getUser()[pri:0, instance:ttt.model.dao.UserDaoTest@75806022]" name="getUser" duration-ms="7" started-at="2014-05-23T20:34:40Z" finished-at="2014-05-23T20:34:40Z">
          <reporter-output>
          </reporter-output>
        </test-method> <!-- getUser -->
        <test-method status="PASS" signature="springTestContextAfterTestMethod(java.lang.reflect.Method)[pri:0, instance:ttt.model.dao.UserDaoTest@75806022]" name="springTestContextAfterTestMethod" is-config="true" duration-ms="17" started-at="2014-05-23T20:34:40Z" finished-at="2014-05-23T20:34:40Z">
          <params>
            <param index="0">
              <value>
                <![CDATA[public void ttt.model.dao.UserDaoTest.getUser()]]>
              </value>
            </param>
          </params>
          <reporter-output>
          </reporter-output>
        </test-method> <!-- springTestContextAfterTestMethod -->
        <test-method status="PASS" signature="springTestContextBeforeTestMethod(java.lang.reflect.Method)[pri:0, instance:ttt.model.dao.UserDaoTest@75806022]" name="springTestContextBeforeTestMethod" is-config="true" duration-ms="3" started-at="2014-05-23T20:34:40Z" finished-at="2014-05-23T20:34:40Z">
          <params>
            <param index="0">
              <value>
                <![CDATA[public void ttt.model.dao.UserDaoTest.getUsers()]]>
              </value>
            </param>
          </params>
          <reporter-output>
          </reporter-output>
        </test-method> <!-- springTestContextBeforeTestMethod -->
        <test-method status="PASS" signature="getUsers()[pri:0, instance:ttt.model.dao.UserDaoTest@75806022]" name="getUsers" duration-ms="1" started-at="2014-05-23T20:34:40Z" finished-at="2014-05-23T20:34:40Z">
          <reporter-output>
          </reporter-output>
        </test-method> <!-- getUsers -->
        <test-method status="PASS" signature="springTestContextAfterTestMethod(java.lang.reflect.Method)[pri:0, instance:ttt.model.dao.UserDaoTest@75806022]" name="springTestContextAfterTestMethod" is-config="true" duration-ms="6" started-at="2014-05-23T20:34:40Z" finished-at="2014-05-23T20:34:40Z">
          <params>
            <param index="0">
              <value>
                <![CDATA[public void ttt.model.dao.UserDaoTest.getUsers()]]>
              </value>
            </param>
          </params>
          <reporter-output>
          </reporter-output>
        </test-method> <!-- springTestContextAfterTestMethod -->
        <test-method status="PASS" signature="springTestContextAfterTestClass()[pri:0, instance:ttt.model.dao.UserDaoTest@75806022]" name="springTestContextAfterTestClass" is-config="true" duration-ms="1" started-at="2014-05-23T20:34:40Z" finished-at="2014-05-23T20:34:40Z">
          <reporter-output>
          </reporter-output>
        </test-method> <!-- springTestContextAfterTestClass -->
      </class> <!-- ttt.model.dao.UserDaoTest -->
    </test> <!-- Default test -->
  </suite> <!-- Default suite -->
</testng-results>
